[0m10:26:49.214367 [debug] [MainThread]: Sending event: {'category': 'dbt', 'action': 'invocation', 'label': 'start', 'context': [<snowplow_tracker.self_describing_json.SelfDescribingJson object at 0x000002024BED4B10>, <snowplow_tracker.self_describing_json.SelfDescribingJson object at 0x000002024BED4710>, <snowplow_tracker.self_describing_json.SelfDescribingJson object at 0x000002024BED45D0>]}


============================== 10:26:49.223948 | 498a747f-e331-4e5b-b7dd-23b7ca8e6c7f ==============================
[0m10:26:49.223948 [info ] [MainThread]: Running with dbt=1.7.0
[0m10:26:49.227456 [debug] [MainThread]: running dbt with arguments {'printer_width': '80', 'indirect_selection': 'eager', 'log_cache_events': 'False', 'write_json': 'True', 'partial_parse': 'True', 'cache_selected_only': 'False', 'profiles_dir': 'C:\\Users\\HORNYAK2\\.dbt', 'version_check': 'True', 'debug': 'False', 'log_path': 'logs', 'warn_error': 'None', 'fail_fast': 'False', 'use_colors': 'True', 'use_experimental_parser': 'False', 'no_print': 'None', 'quiet': 'False', 'warn_error_options': 'WarnErrorOptions(include=[], exclude=[])', 'invocation_command': 'dbt debug', 'log_format': 'default', 'introspect': 'True', 'target_path': 'None', 'static_parser': 'True', 'send_anonymous_usage_stats': 'True'}
[0m10:26:49.229997 [info ] [MainThread]: dbt version: 1.7.0
[0m10:26:49.232682 [info ] [MainThread]: python version: 3.11.15
[0m10:26:49.233677 [info ] [MainThread]: python path: C:\Users\HORNYAK2\AppData\Local\anaconda3\envs\de_project\python.exe
[0m10:26:49.234678 [info ] [MainThread]: os info: Windows-10-10.0.26100-SP0
[0m10:26:49.244479 [error] [MainThread]: Encountered an error:
Parsing Error
  Env var required but not provided: 'GCP_PROJECT_ID'
[0m10:26:49.245474 [debug] [MainThread]: Command `dbt debug` failed at 10:26:49.245474 after 0.12 seconds
[0m10:26:49.246474 [debug] [MainThread]: Sending event: {'category': 'dbt', 'action': 'invocation', 'label': 'end', 'context': [<snowplow_tracker.self_describing_json.SelfDescribingJson object at 0x000002024BED4090>, <snowplow_tracker.self_describing_json.SelfDescribingJson object at 0x000002024BED4710>, <snowplow_tracker.self_describing_json.SelfDescribingJson object at 0x0000020244A12A50>]}
[0m10:26:49.247476 [debug] [MainThread]: Flushing usage events
[0m14:37:33.972656 [debug] [MainThread]: Sending event: {'category': 'dbt', 'action': 'invocation', 'label': 'start', 'context': [<snowplow_tracker.self_describing_json.SelfDescribingJson object at 0x0000028E8BCF2090>, <snowplow_tracker.self_describing_json.SelfDescribingJson object at 0x0000028E8BB29210>, <snowplow_tracker.self_describing_json.SelfDescribingJson object at 0x0000028E8BB28CD0>]}


============================== 14:37:33.977656 | 851ff3a3-acc4-451c-9472-059d75de0e71 ==============================
[0m14:37:33.977656 [info ] [MainThread]: Running with dbt=1.7.0
[0m14:37:33.978753 [debug] [MainThread]: running dbt with arguments {'printer_width': '80', 'indirect_selection': 'eager', 'write_json': 'True', 'log_cache_events': 'False', 'partial_parse': 'True', 'cache_selected_only': 'False', 'warn_error': 'None', 'version_check': 'True', 'profiles_dir': 'C:\\Users\\HORNYAK2\\.dbt', 'log_path': 'logs', 'fail_fast': 'False', 'debug': 'False', 'use_colors': 'True', 'use_experimental_parser': 'False', 'no_print': 'None', 'quiet': 'False', 'log_format': 'default', 'static_parser': 'True', 'invocation_command': 'dbt run --select dim_pickup_zones', 'warn_error_options': 'WarnErrorOptions(include=[], exclude=[])', 'target_path': 'None', 'introspect': 'True', 'send_anonymous_usage_stats': 'True'}
[0m14:37:33.980422 [error] [MainThread]: Encountered an error:
Runtime Error
  No dbt_project.yml found at expected path C:\Users\HORNYAK2\OneDrive - University of Pittsburgh\Data Engineering Project\de_project\de_project\dbt_project.yml
  Verify that each entry within packages.yml (and their transitive dependencies) contains a file named dbt_project.yml
  
[0m14:37:33.981472 [debug] [MainThread]: Command `dbt run` failed at 14:37:33.981472 after 0.13 seconds
[0m14:37:33.982720 [debug] [MainThread]: Sending event: {'category': 'dbt', 'action': 'invocation', 'label': 'end', 'context': [<snowplow_tracker.self_describing_json.SelfDescribingJson object at 0x0000028E8AE927D0>, <snowplow_tracker.self_describing_json.SelfDescribingJson object at 0x0000028E8BD52150>, <snowplow_tracker.self_describing_json.SelfDescribingJson object at 0x0000028E8BD52810>]}
[0m14:37:33.983726 [debug] [MainThread]: Flushing usage events
